
> schooliq@0.1.0 build
> next build

▲ Next.js 16.1.6 (Turbopack)
- Environments: .env

  Creating an optimized production build ...
✓ Compiled successfully in 13.1s
  Running TypeScript ...
  Collecting page data using 27 workers ...
  Generating static pages using 27 workers (0/20) ...
The width(-1) and height(-1) of chart should be greater than 0,
       please check the style of container, or the props width(100%) and height(100%),
       or add a minWidth(0) or minHeight(undefined) or use aspect(undefined) to control the
       height and width.
The width(-1) and height(-1) of chart should be greater than 0,
       please check the style of container, or the props width(100%) and height(100%),
       or add a minWidth(0) or minHeight(undefined) or use aspect(undefined) to control the
       height and width.
  Generating static pages using 27 workers (5/20) 
The width(-1) and height(-1) of chart should be greater than 0,
       please check the style of container, or the props width(100%) and height(100%),
       or add a minWidth(0) or minHeight(undefined) or use aspect(undefined) to control the
       height and width.
The width(-1) and height(-1) of chart should be greater than 0,
       please check the style of container, or the props width(100%) and height(100%),
       or add a minWidth(0) or minHeight(undefined) or use aspect(undefined) to control the
       height and width.
  Generating static pages using 27 workers (10/20) 
  Generating static pages using 27 workers (15/20) 
✓ Generating static pages using 27 workers (20/20) in 663.0ms
  Finalizing page optimization ...

Route (app)
┌ ○ /
├ ○ /_not-found
├ ○ /academics/marks
├ ○ /analytics
├ ○ /analytics/interventions
├ ○ /analytics/performance
├ ○ /analytics/reports
├ ○ /analytics/risk
├ ○ /auth/forgot-password
├ ○ /auth/login
├ ○ /auth/reset-password
├ ○ /auth/select-school
├ ○ /auth/verify-email
├ ○ /dashboard
├ ○ /dashboard/admin
├ ○ /dashboard/parent
├ ○ /dashboard/student
├ ○ /dashboard/teacher
└ ƒ /students/[id]


○  (Static)   prerendered as static content
ƒ  (Dynamic)  server-rendered on demand

